<?xml version="1.0" encoding="UTF-8"?>
<coverage generated="1656251277145" clover="3.2.0">
  <project timestamp="1656251277145" name="All files">
    <metrics statements="9" coveredstatements="9" conditionals="8" coveredconditionals="8" methods="4" coveredmethods="4" elements="21" coveredelements="21" complexity="0" loc="9" ncloc="9" packages="1" files="1" classes="1"/>
    <file name="general.js" path="D:\workspace\carte\carte_back\validators\general.js">
      <metrics statements="9" coveredstatements="9" conditionals="8" coveredconditionals="8" methods="4" coveredmethods="4"/>
      <line num="1" count="1" type="stmt"/>
      <line num="2" count="2" type="cond" truecount="2" falsecount="0"/>
      <line num="8" count="1" type="stmt"/>
      <line num="9" count="5" type="cond" truecount="2" falsecount="0"/>
      <line num="12" count="1" type="stmt"/>
      <line num="13" count="3" type="cond" truecount="2" falsecount="0"/>
      <line num="16" count="1" type="stmt"/>
      <line num="17" count="3" type="cond" truecount="2" falsecount="0"/>
      <line num="20" count="1" type="stmt"/>
    </file>
  </project>
</coverage>
