{"D:\\workspace\\carte\\carte_back\\validators\\general.js": {"path":"D:\\workspace\\carte\\carte_back\\validators\\general.js","statementMap":{"0":{"start":{"line":1,"column":22},"end":{"line":7,"column":1}},"1":{"start":{"line":2,"column":4},"end":{"line":6,"column":6}},"2":{"start":{"line":8,"column":24},"end":{"line":10,"column":1}},"3":{"start":{"line":9,"column":4},"end":{"line":9,"column":51}},"4":{"start":{"line":12,"column":20},"end":{"line":14,"column":1}},"5":{"start":{"line":13,"column":4},"end":{"line":13,"column":39}},"6":{"start":{"line":16,"column":25},"end":{"line":18,"column":1}},"7":{"start":{"line":17,"column":4},"end":{"line":17,"column":88}},"8":{"start":{"line":20,"column":0},"end":{"line":25,"column":1}}},"fnMap":{"0":{"name":"(anonymous_0)","decl":{"start":{"line":1,"column":22},"end":{"line":1,"column":23}},"loc":{"start":{"line":1,"column":31},"end":{"line":7,"column":1}},"line":1},"1":{"name":"(anonymous_1)","decl":{"start":{"line":8,"column":24},"end":{"line":8,"column":25}},"loc":{"start":{"line":8,"column":35},"end":{"line":10,"column":1}},"line":8},"2":{"name":"(anonymous_2)","decl":{"start":{"line":12,"column":20},"end":{"line":12,"column":21}},"loc":{"start":{"line":12,"column":27},"end":{"line":14,"column":1}},"line":12},"3":{"name":"(anonymous_3)","decl":{"start":{"line":16,"column":25},"end":{"line":16,"column":26}},"loc":{"start":{"line":16,"column":37},"end":{"line":18,"column":1}},"line":16}},"branchMap":{"0":{"loc":{"start":{"line":2,"column":11},"end":{"line":6,"column":5}},"type":"binary-expr","locations":[{"start":{"line":2,"column":11},"end":{"line":2,"column":16}},{"start":{"line":2,"column":20},"end":{"line":6,"column":5}}],"line":2},"1":{"loc":{"start":{"line":9,"column":11},"end":{"line":9,"column":50}},"type":"binary-expr","locations":[{"start":{"line":9,"column":11},"end":{"line":9,"column":18}},{"start":{"line":9,"column":22},"end":{"line":9,"column":50}}],"line":9},"2":{"loc":{"start":{"line":13,"column":11},"end":{"line":13,"column":38}},"type":"binary-expr","locations":[{"start":{"line":13,"column":11},"end":{"line":13,"column":14}},{"start":{"line":13,"column":18},"end":{"line":13,"column":38}}],"line":13},"3":{"loc":{"start":{"line":17,"column":11},"end":{"line":17,"column":87}},"type":"binary-expr","locations":[{"start":{"line":17,"column":11},"end":{"line":17,"column":19}},{"start":{"line":17,"column":23},"end":{"line":17,"column":87}}],"line":17}},"s":{"0":1,"1":2,"2":1,"3":5,"4":1,"5":3,"6":1,"7":3,"8":1},"f":{"0":2,"1":5,"2":3,"3":3},"b":{"0":[2,2],"1":[5,5],"2":[3,3],"3":[3,3]},"_coverageSchema":"1a1c01bbd47fc00a2c39e90264f33305004495a9","hash":"ac7345311ac0a2e578eb2aeb4b2d723b8ff0b5aa"}
}
